NAME : problem.tsp.2048.tour
COMMENT : Length = 2048
COMMENT : Found by LKH [Keld Helsgaun] Sun Jan 28 17:26:06 2018
TYPE : TOUR
DIMENSION : 2048
TOUR_SECTION
1
728
872
1153
1551
949
1652
1484
917
1292
824
401
1535
146
50
791
1610
71
1154
782
59
265
2039
362
1847
1997
503
1178
586
2015
386
1550
1586
815
1489
536
1313
1391
290
1231
978
958
891
1045
555
1561
1920
1680
1801
224
1145
1880
721
1215
154
42
247
1517
1619
1406
898
1602
1207
2042
1927
674
1090
1311
1605
76
1368
232
552
1849
360
865
1736
1628
676
768
1536
228
28
996
1120
1380
1756
1269
1980
1741
195
61
468
493
36
693
1071
529
560
281
80
1289
1627
873
1528
776
668
1096
425
1879
237
1284
85
315
361
123
1477
1548
52
573
652
1112
913
608
1993
1488
1537
144
297
1552
849
1960
249
1867
1733
292
333
756
1948
453
31
698
823
18
607
1697
1667
1358
578
322
207
1909
1812
304
57
1624
1625
976
1049
715
806
1043
1073
1427
1277
92
392
233
856
1448
1468
1341
595
429
867
577
1272
1129
807
714
655
1461
2020
1949
1772
437
188
836
928
1097
1403
1622
1082
518
382
1827
774
187
2022
1699
1782
1582
819
406
35
989
1715
886
1139
710
1691
809
1495
621
279
1485
1431
1818
118
323
1702
2019
685
339
445
1956
253
1683
1342
1794
1687
1017
1899
37
492
1444
2037
1327
1274
95
1930
1434
870
1066
1238
878
722
1778
1822
1314
990
610
174
1851
1398
451
1149
700
821
943
81
1144
1065
871
1245
2004
912
532
1968
1876
725
1039
810
1999
1137
1888
816
1684
1452
664
12
1837
764
680
545
899
1805
44
181
975
789
1915
1334
347
53
1972
528
313
171
1198
1938
271
1025
1000
2025
376
1649
1487
1538
398
2003
1478
122
554
967
882
639
657
72
1449
1576
1673
443
286
1235
1901
1943
1306
294
1002
2023
186
1663
1041
1768
833
931
225
1711
498
2002
1598
1651
1053
1251
430
531
1069
87
2029
1107
1102
419
1790
914
1895
1021
915
934
90
999
682
918
1891
1473
1336
1265
1984
516
1420
1181
1123
246
283
201
1648
377
1067
454
702
1323
1381
140
56
673
227
97
803
158
1958
1291
1734
667
9
27
22
302
539
1765
444
1492
189
1411
1505
1520
1844
1405
1959
957
1159
1650
559
1466
1783
1133
311
418
23
461
835
534
1675
1806
219
222
262
522
922
1994
1975
834
1375
1761
1720
1644
1060
1244
1357
1347
862
1163
358
3
33
367
309
175
1194
1831
570
1030
906
390
1054
1971
145
296
104
1340
596
1708
1892
1829
1771
1950
1894
707
449
1952
752
929
515
1601
1208
236
605
995
769
1440
496
1905
1459
1350
414
427
1173
852
1852
1869
1612
413
1703
797
499
1182
843
1657
1047
397
564
112
372
1744
1620
405
964
1637
1727
1189
1412
1088
356
1760
1840
969
55
1881
1719
306
594
1170
1855
1509
795
229
1707
2014
1955
1766
1259
590
1091
509
67
1302
142
947
1078
603
1333
431
298
726
1875
241
83
542
1859
350
379
1646
1603
513
1791
1458
567
394
1631
770
1439
1370
230
346
879
210
15
1834
470
826
1199
1402
902
1499
1205
395
1630
1179
1525
411
1270
1979
1502
1414
1611
1753
848
1177
1739
565
276
165
1516
1400
1304
1196
1613
1523
1841
1075
1629
1180
1124
476
1549
1155
961
264
825
775
1161
1048
1256
344
1100
1204
1821
204
472
428
1421
1604
1312
1937
464
1300
300
1725
1084
1125
2011
1353
1896
220
1989
1147
1454
1046
1555
209
691
1425
96
993
688
1248
777
744
1281
1423
1826
575
1450
1914
1222
1278
1638
1171
854
1850
751
1185
336
25
1575
1234
1902
1942
974
962
1639
1961
640
729
952
137
1232
368
116
1820
1780
1584
720
576
100
21
508
1013
1012
1197
1939
1661
20
149
812
632
1577
1672
828
1573
636
40
585
1015
354
1167
1042
1262
34
1191
1618
1518
786
114
511
1338
2026
375
1389
1315
285
940
1176
1740
1860
1276
1749
1387
1214
11
473
551
745
1464
840
760
609
1600
164
2045
455
1309
1395
909
2007
202
474
1126
2010
1590
1011
925
1884
325
404
1900
804
1597
1539
1710
1426
338
1106
1295
469
60
381
1735
866
359
1322
887
634
327
1522
1394
287
113
416
1793
1571
1565
1460
1789
1692
1117
732
168
1857
1059
790
579
510
115
110
2006
910
611
1990
1731
1750
1386
1863
1737
864
505
24
1912
1688
1228
981
2044
660
69
156
1213
723
1678
1686
814
950
74
767
389
635
965
1636
1845
859
1257
1447
402
1279
746
1754
1162
602
422
1882
1254
267
633
1216
900
1404
1512
988
1716
2005
1131
985
384
400
41
1115
1385
1319
530
1970
1055
101
1268
1541
484
1632
217
939
997
447
1074
951
1165
684
277
1019
581
1723
213
1903
801
799
1226
890
1511
1514
7
317
1532
869
155
1870
434
1087
138
703
593
32
644
380
1384
641
383
1298
1838
1883
1717
987
1929
280
1089
432
1969
2000
1721
880
1236
2013
291
1645
956
1748
1388
133
1092
1933
1788
613
1988
1981
1500
1864
737
1664
452
1397
719
1985
616
1593
1432
1932
669
172
1428
1072
84
1005
844
1757
1607
1529
971
550
675
1825
479
1922
2047
1797
1803
1446
1363
1886
1250
1666
270
54
387
1917
1804
1445
1471
293
1732
972
1944
1192
572
517
1787
1349
415
741
1023
1681
1344
592
308
1373
743
1193
328
1976
1273
1128
316
645
255
901
543
1221
1483
1542
762
199
330
759
841
1184
497
1352
857
299
1726
875
1429
1275
574
1362
1239
1897
1467
558
2043
1557
1579
185
656
569
1640
1064
617
679
1437
1267
1982
1987
822
547
29
932
157
1779
337
1967
1282
1743
373
923
598
771
525
51
1798
506
863
1946
1079
1130
239
986
614
475
1641
1608
696
1513
512
388
1376
1225
2024
1945
1655
194
335
106
1494
1422
342
1339
261
523
1977
832
1472
553
1656
1369
1032
193
1407
1297
1203
1606
1419
982
699
1150
966
259
141
343
282
1482
727
717
1219
630
666
778
183
1581
628
396
1813
1212
904
1305
811
485
1724
677
548
1301
1835
766
678
618
58
671
2033
1567
369
787
1614
502
654
1947
1534
491
1910
1811
1438
162
238
662
1547
757
924
1101
1815
1906
30
1491
625
1679
1802
1919
1217
152
424
17
179
182
2027
374
650
1751
1730
1519
245
1436
8
1016
1585
1331
1918
198
331
345
139
1157
1052
1252
348
877
1332
1693
1671
1578
1786
1814
686
758
1643
1493
1108
2028
1941
268
1668
448
1152
1873
831
933
1183
1026
495
1354
1146
150
1531
1070
694
147
1453
663
1738
1626
310
1371
478
1923
102
1662
1819
1206
1098
1303
1833
16
180
1669
1580
1784
520
441
1003
1113
487
537
984
1132
893
1316
2048
761
1355
1246
1890
711
658
638
883
561
808
2001
600
921
1288
312
1992
409
1035
1465
1136
385
1824
1776
1588
1893
223
66
718
1307
1718
307
93
868
357
319
642
1383
1018
426
250
1119
2017
483
1038
258
526
203
1093
588
781
983
538
423
601
1515
1621
980
1229
1172
197
587
1094
62
838
1866
438
1006
1698
1111
489
136
1160
284
1480
1224
892
1317
619
1230
979
2046
1318
798
1051
1158
1243
1566
738
1762
1374
70
1530
970
1839
661
860
740
221
68
256
105
471
754
927
1009
1695
706
450
226
63
1233
211
14
1010
1490
1759
1722
1878
1843
366
363
1486
1995
214
942
1659
1366
1443
2038
1326
355
1166
1435
1701
1324
612
412
884
1141
303
1546
954
490
1911
205
1020
501
1263
853
1083
1033
731
1118
1907
1457
1247
1057
624
672
352
1497
439
1325
1076
1040
329
695
266
1103
1201
735
1569
1240
876
1828
773
2036
173
403
1533
231
994
1310
626
1874
242
334
566
730
170
1594
1110
571
1029
907
1209
160
1865
839
842
1862
254
371
1745
1280
1321
704
257
584
1916
1928
1553
47
1634
482
143
818
82
318
1986
39
1642
1062
1854
1510
1299
817
272
212
944
1556
1925
1211
1705
1104
417
1792
1808
896
128
1028
341
955
6
190
134
827
73
48
148
176
1940
1781
244
1872
1044
1456
753
88
1068
301
1908
1008
1696
705
1320
1816
785
1151
1658
458
1063
1853
1868
941
580
716
653
1463
1346
1255
861
820
701
524
500
1264
1337
107
622
1587
1777
1704
321
408
121
1904
800
881
968
1148
1877
1372
1544
1481
920
1889
320
305
851
670
1931
278
206
1558
651
1285
1964
637
1479
1770
79
597
772
1077
687
274
126
235
89
200
124
45
19
606
178
111
465
1135
1365
1660
456
1308
1396
629
460
2040
1441
1475
46
683
1526
1390
459
697
1328
788
1061
620
1589
527
49
792
169
1856
353
488
1913
1223
1378
926
1574
1562
1142
1774
435
349
1676
440
1241
1360
665
935
1001
599
845
1004
2021
1700
604
420
364
1572
1564
837
1099
582
94
930
1570
1031
1085
4
77
1367
749
340
1424
1712
689
992
1508
1973
1871
1729
1635
129
1027
1677
724
117
1647
289
936
1665
184
905
1496
1105
1296
1408
192
1329
1807
897
784
1817
208
153
43
1401
1200
736
945
1080
1036
120
1996
813
556
1560
649
135
541
1763
86
755
1846
1998
1138
1887
1713
888
1921
480
481
248
977
623
1978
1271
1330
2034
1935
466
903
393
568
216
1809
895
1506
1410
1954
1527
1498
1418
26
998
446
1670
1694
1442
1583
1898
1823
1202
734
562
1287
829
615
681
1168
1433
1592
712
1689
1227
889
407
1114
486
243
13
1143
457
1568
2032
177
1848
1752
1164
132
1237
1364
1037
119
557
1559
2041
263
1258
591
433
1416
1393
288
1476
549
1951
2018
1007
1109
916
1685
251
533
196
1653
748
477
1924
780
589
252
648
1953
963
973
708
1501
1415
521
1504
1521
1728
1081
519
1417
1832
2012
1709
692
332
109
467
494
1810
399
1122
103
858
991
1218
546
1758
1842
1294
75
709
1595
1769
535
1965
1399
365
1156
960
1540
1596
805
1796
908
2008
1356
1348
2016
793
1056
544
1220
5
779
2030
1451
1253
191
1409
1616
65
1024
1377
739
1470
646
1290
919
1682
1799
410
1190
659
125
1991
1609
1095
1714
1767
442
647
953
1351
1674
1926
1795
1121
1379
1022
1187
38
218
1382
643
1293
1623
1186
750
1014
10
159
1210
1599
802
1134
91
1430
1934
2035
269
260
64
161
163
1773
436
240
1785
1936
273
127
1554
946
1455
1249
351
1858
78
763
1086
514
215
874
1830
1195
326
830
131
1469
295
2009
1127
1474
462
627
1974
1507
894
130
959
2
98
631
1050
1654
747
1957
1524
1392
1633
1503
1746
855
370
2031
1690
1335
690
151
938
911
314
1286
1963
846
1755
1966
1283
1742
1174
507
937
1563
1462
563
166
275
1169
1747
1617
1983
1861
540
1764
1261
948
733
108
1188
1116
1800
504
1345
99
742
1962
847
378
463
1058
167
794
1706
1543
1266
583
713
1591
1545
391
234
1615
885
1140
796
1413
1836
1885
324
765
1260
421
1343
1361
1775
1034
1175
850
1359
1242
783
-1
EOF
