NAME : problem.tsp.199.tour
COMMENT : Length = 199
COMMENT : Found by LKH [Keld Helsgaun] Sat Apr 28 13:36:52 2018
TYPE : TOUR
DIMENSION : 199
TOUR_SECTION
1
168
121
104
65
35
190
99
157
132
37
84
16
20
44
152
17
19
81
63
162
7
137
88
12
13
3
141
115
6
43
182
107
89
80
116
28
197
59
110
86
170
154
135
189
172
53
68
32
49
176
185
11
158
166
123
133
36
85
171
25
75
94
102
187
174
82
62
194
167
29
196
128
41
155
70
126
130
159
66
78
118
138
87
169
56
8
92
164
160
129
40
156
100
96
193
131
125
71
73
183
178
47
149
140
184
177
112
144
145
179
46
150
139
57
199
90
31
165
4
60
21
175
114
111
10
186
39
42
127
69
52
117
79
146
143
113
83
38
106
119
50
14
2
98
191
5
95
74
26
55
45
124
101
188
173
23
58
198
27
142
54
67
77
148
48
33
163
161
64
192
97
24
76
180
109
147
22
122
134
91
9
72
153
136
120
105
151
18
103
93
51
30
34
15
181
108
61
195
-1
EOF
