NAME : problem.tsp.113.tour
COMMENT : Length = 113
COMMENT : Found by LKH [Keld Helsgaun] Mon Aug 27 15:07:51 2018
TYPE : TOUR
DIMENSION : 852
TOUR_SECTION
1
2
852
194
195
62
169
176
175
234
235
525
126
122
120
119
118
372
373
461
473
274
272
273
244
251
246
788
91
98
94
93
723
722
721
719
720
208
771
351
352
772
600
92
382
392
255
256
798
797
331
332
830
829
288
289
321
320
319
326
585
584
545
803
804
151
190
206
205
764
752
280
75
237
229
217
210
209
386
387
388
380
379
329
341
458
837
627
628
459
425
428
436
427
474
475
449
450
513
518
198
199
322
323
200
196
444
445
446
469
233
242
85
133
123
125
121
124
749
71
87
88
86
90
207
715
716
714
662
219
220
561
454
455
818
817
816
795
794
212
41
40
649
142
141
827
514
365
366
364
224
58
54
60
55
35
139
140
138
509
508
350
363
362
367
368
306
311
571
572
547
299
302
300
359
361
807
805
396
413
117
689
663
265
269
6
5
737
738
767
765
766
727
728
292
294
293
317
763
596
589
590
595
594
84
240
211
291
290
301
154
149
153
395
394
334
546
544
360
610
609
259
258
150
152
846
611
635
182
179
186
187
712
706
708
707
705
530
527
526
528
517
31
347
348
241
239
478
479
480
452
453
448
52
733
730
741
742
743
747
746
748
745
573
577
632
506
500
309
310
312
72
579
570
552
811
810
658
642
641
534
566
567
115
114
127
824
825
809
808
551
553
578
278
270
271
166
457
471
470
174
168
173
504
467
468
375
839
840
836
838
308
499
498
505
493
492
286
257
250
646
639
679
13
12
22
23
18
17
16
19
20
21
30
11
7
8
9
10
520
519
565
593
591
560
554
447
407
408
402
400
401
732
756
841
587
592
284
710
711
709
692
647
37
65
82
81
83
507
486
483
482
484
485
501
502
849
850
851
503
489
487
297
298
48
214
216
260
100
99
832
834
618
614
660
651
652
713
318
456
472
698
696
697
822
823
576
586
550
490
488
491
654
653
701
704
703
702
677
673
672
674
678
230
231
228
226
227
232
238
755
754
750
751
236
583
564
563
582
581
580
279
281
753
177
178
145
111
112
107
109
110
108
128
74
73
78
26
25
768
204
197
516
515
532
521
522
202
201
14
32
3
28
27
77
76
34
45
796
192
775
510
531
636
349
842
316
132
129
95
96
39
42
143
188
131
130
134
106
103
104
549
539
538
537
773
333
213
441
606
607
393
357
146
159
51
89
79
49
53
59
4
835
620
667
666
671
670
669
668
113
305
307
225
222
223
221
247
248
253
254
285
135
97
541
533
718
726
725
717
724
744
734
451
163
162
191
184
180
136
137
640
638
648
659
691
690
463
476
477
431
432
464
462
465
466
435
434
433
442
443
296
295
287
330
381
383
378
385
390
391
46
50
70
69
325
343
344
345
342
338
266
263
399
406
495
29
15
324
203
193
569
568
681
680
686
661
337
340
403
384
249
283
282
268
267
664
813
806
802
729
739
740
785
781
264
245
252
243
328
637
650
801
792
800
799
790
814
558
557
559
536
535
644
643
645
665
339
621
631
630
574
67
64
66
68
694
693
688
700
699
676
675
682
687
685
683
684
655
47
148
147
189
376
377
358
371
61
33
36
38
845
844
847
616
556
555
562
370
369
819
409
496
497
494
780
615
617
622
623
624
165
164
160
161
183
181
185
170
63
57
56
80
313
481
438
437
439
44
43
144
540
575
277
598
374
354
353
355
356
597
440
776
779
262
398
397
420
346
787
786
782
783
784
405
404
736
735
848
304
619
603
791
826
815
812
820
821
695
524
414
417
416
634
633
629
116
460
426
429
430
599
602
601
789
793
828
604
605
774
389
424
415
418
411
412
410
625
626
608
543
542
548
102
105
335
336
218
215
613
156
157
158
155
777
778
101
612
657
656
261
275
276
171
172
167
588
419
758
759
757
760
421
423
422
761
762
314
315
303
731
833
831
843
327
512
511
523
529
770
769
24
-1
EOF
